<?xml version="1.0" encoding="UTF-8"?>
<testsuite name="AdventOfCodeOneTest" tests="4" skipped="0" failures="0" errors="0" timestamp="2019-12-01T17:24:09" hostname="Richards-MacBook-Pro.local" time="0.012">
  <properties/>
  <testcase name="shouldCalculateFuelFor12()" classname="AdventOfCodeOneTest" time="0.007"/>
  <testcase name="shouldCalculateFuelFor1969()" classname="AdventOfCodeOneTest" time="0.0"/>
  <testcase name="shouldCalculateFuelFor0()" classname="AdventOfCodeOneTest" time="0.001"/>
  <testcase name="shouldCalculateFuelFor100756()" classname="AdventOfCodeOneTest" time="0.001"/>
  <system-out><![CDATA[]]></system-out>
  <system-err><![CDATA[]]></system-err>
</testsuite>
